# grub.conf generated by anaconda
#
# Note that you do not have to rerun grub after making changes to this file
# NOTICE:  You do not have a /boot partition.  This means that
#          all kernel and initrd paths are relative to /, eg.
#          root (hd0,2)
#          kernel /boot/vmlinuz-version ro root=/dev/sda3
#          initrd /boot/initrd-[generic-]version.img
#boot=/dev/sda
default=0
timeout=30
password --md5 $1$MceQerL2$YP9IWhVoVb/.qnMNUwGRP/
splashimage=(hd0,2)/boot/grub/splash.xpm.gz
hiddenmenu
title OpenVZ (2.6.32-042stab078.22)
	root (hd0,2)
	kernel /boot/vmlinuz-2.6.32-042stab078.22 ro root=UUID=d0534bb7-6e66-48f2-9237-3d1a567687a6 intel_iommu=on rd_NO_LUKS  KEYBOARDTYPE=pc KEYTABLE=us LANG=en_US.UTF-8 rd_NO_MD SYSFONT=latarcyrheb-sun16 rd_NO_LVM crashkernel=auto rdblacklist=nouveau nouveau.modeset=0 quiet rd_NO_DM rdblacklist=nouveau nouveau.modeset=0 quiet
	initrd /boot/initramfs-2.6.32-042stab078.22.img
title OpenVZ (2.6.32-042stab078.21)
	root (hd0,2)
	kernel /boot/vmlinuz-2.6.32-042stab078.21 ro root=UUID=d0534bb7-6e66-48f2-9237-3d1a567687a6 intel_iommu=on rd_NO_LUKS  KEYBOARDTYPE=pc KEYTABLE=us LANG=en_US.UTF-8 rd_NO_MD SYSFONT=latarcyrheb-sun16 rd_NO_LVM crashkernel=auto rdblacklist=nouveau nouveau.modeset=0 quiet rd_NO_DM rdblacklist=nouveau nouveau.modeset=0 quiet nomodeset
	initrd /boot/initramfs-2.6.32-042stab078.21.img
title OpenVZ (2.6.32-042stab078.21.debug)
	root (hd0,2)
	kernel /boot/vmlinuz-2.6.32-042stab078.21.debug ro root=UUID=d0534bb7-6e66-48f2-9237-3d1a567687a6 intel_iommu=on rd_NO_LUKS  KEYBOARDTYPE=pc KEYTABLE=us LANG=en_US.UTF-8 rd_NO_MD SYSFONT=latarcyrheb-sun16 rd_NO_LVM crashkernel=auto rdblacklist=nouveau nouveau.modeset=0 quiet rd_NO_DM rdblacklist=nouveau nouveau.modeset=0 quiet
	initrd /boot/initramfs-2.6.32-042stab078.21.debug.img
title OpenVZ (2.6.32-042stab078.22.debug)
	root (hd0,2)
	kernel /boot/vmlinuz-2.6.32-042stab078.22.debug ro root=UUID=d0534bb7-6e66-48f2-9237-3d1a567687a6 intel_iommu=on rd_NO_LUKS  KEYBOARDTYPE=pc KEYTABLE=us LANG=en_US.UTF-8 rd_NO_MD SYSFONT=latarcyrheb-sun16 rd_NO_LVM crashkernel=auto rdblacklist=nouveau nouveau.modeset=0 quiet rd_NO_DM rdblacklist=nouveau nouveau.modeset=0 quiet
	initrd /boot/initramfs-2.6.32-042stab078.22.debug.img
title Red Hat Enterprise Linux (2.6.32-358.6.1.el6.x86_64)
	root (hd0,2)
	kernel /boot/tboot.gz logging=vga,serial,memory
	module /boot/vmlinuz-2.6.32-358.6.1.el6.x86_64 ro root=UUID=d0534bb7-6e66-48f2-9237-3d1a567687a6 intel_iommu=on rd_NO_LUKS  KEYBOARDTYPE=pc KEYTABLE=us LANG=en_US.UTF-8 rd_NO_MD SYSFONT=latarcyrheb-sun16 rd_NO_LVM crashkernel=auto rdblacklist=nouveau nouveau.modeset=0 quiet rd_NO_DM rdblacklist=nouveau nouveau.modeset=0 quiet
	module /boot/initramfs-2.6.32-358.6.1.el6.x86_64.img
title Red Hat Enterprise Linux Workstation (2.6.32-358.11.1.el6.x86_64)
	root (hd0,2)
	kernel /boot/vmlinuz-2.6.32-358.11.1.el6.x86_64 ro root=UUID=d0534bb7-6e66-48f2-9237-3d1a567687a6 intel_iommu=on rd_NO_LUKS  KEYBOARDTYPE=pc KEYTABLE=us LANG=en_US.UTF-8 rd_NO_MD SYSFONT=latarcyrheb-sun16 rd_NO_LVM crashkernel=auto rdblacklist=nouveau nouveau.modeset=0 quiet rd_NO_DM rdblacklist=nouveau nouveau.modeset=0 quiet
	initrd /boot/initramfs-2.6.32-358.11.1.el6.x86_64.img
title Microsoft Windows 7
	rootnoverify (hd0,2)
	chainloader +1
